<?xml version="1.0" encoding="utf-8"?><testsuites name="pytest tests"><testsuite name="pytest" errors="0" failures="0" skipped="0" tests="8" time="0.018" timestamp="2026-09-04T12:41:08.670199+00:00" hostname="vm"><testcase classname="examples.pytest-project.tests.test_controller" name="test_hysteresis_turns_on_below_band" time="0.000" /><testcase classname="examples.pytest-project.tests.test_controller" name="test_hysteresis_turns_off_above_band" time="0.000" /><testcase classname="examples.pytest-project.tests.test_controller" name="test_overtemp_cutoff" time="0.000" /><testcase classname="examples.pytest-project.tests.test_controller" name="test_setpoint_validation[5.0-True]" time="0.000" /><testcase classname="examples.pytest-project.tests.test_controller" name="test_setpoint_validation[30.0-True]" time="0.000" /><testcase classname="examples.pytest-project.tests.test_controller" name="test_setpoint_validation[4.9-False]" time="0.000" /><testcase classname="examples.pytest-project.tests.test_controller" name="test_setpoint_validation[30.1-False]" time="0.000" /><testcase classname="examples.pytest-project.tests.test_controller" name="test_default_setpoint" time="0.000" /></testsuite></testsuites>